<?xml version="1.0" encoding="UTF-8"?>
<!-- Generated by org.testng.reporters.JUnitReportReporter -->
<testsuite hostname="H8L1GK3" failures="0" tests="2" name="automation.WorkingwithTestNG1" time="17.038" errors="0" timestamp="2023-12-06T16:35:32 IST" skipped="0">
  <testcase classname="automation.WorkingwithTestNG1" name="data" time="16.035"/>
  <system-out/>
  <testcase classname="automation.WorkingwithTestNG1" name="testing" time="1.003"/>
  <system-out/>
</testsuite> <!-- automation.WorkingwithTestNG1 -->
