<?xml version="1.0" encoding="UTF-8"?>
<!-- Generated by org.testng.reporters.JUnitReportReporter -->
<testsuite hostname="H8L1GK3" failures="0" tests="1" name="automation.WorkingwithTestNG" time="8.986" errors="0" timestamp="2023-12-28T15:03:55 IST" skipped="0">
  <testcase classname="automation.WorkingwithTestNG" name="data" time="8.986"/>
  <system-out/>
</testsuite> <!-- automation.WorkingwithTestNG -->
