<?xml version="1.0" encoding="UTF-8"?>
<!-- Generated by org.testng.reporters.JUnitReportReporter -->
<testsuite hostname="H8L1GK3" failures="0" tests="1" name="automation.workingwithpoi" time="0.784" errors="0" timestamp="2023-12-28T14:55:31 IST" skipped="0">
  <testcase classname="automation.workingwithpoi" name="data" time="0.784"/>
  <system-out/>
</testsuite> <!-- automation.workingwithpoi -->
